app/manifest-merger-release-report.txt
-- Merging decision tree log ---
manifest
ADDED from AndroidManifest.xml:2:1
	xmlns:android
		ADDED from AndroidManifest.xml:2:11
	package
		ADDED from AndroidManifest.xml:3:5
		INJECTED from AndroidManifest.xml:0:0
		INJECTED from AndroidManifest.xml:0:0
	android:versionName
		ADDED from AndroidManifest.xml:5:2
		INJECTED from AndroidManifest.xml:0:0
		INJECTED from AndroidManifest.xml:0:0
	android:versionCode
		ADDED from AndroidManifest.xml:4:2
		INJECTED from AndroidManifest.xml:0:0
		INJECTED from AndroidManifest.xml:0:0
uses-permission#android.permission.BLUETOOTH
ADDED from AndroidManifest.xml:7:5
	android:name
		ADDED from AndroidManifest.xml:7:22
uses-permission#android.permission.BLUETOOTH_ADMIN
ADDED from AndroidManifest.xml:8:5
	android:name
		ADDED from AndroidManifest.xml:8:22
uses-permission#android.permission.WAKE_LOCK
ADDED from AndroidManifest.xml:13:5
	android:name
		ADDED from AndroidManifest.xml:13:22
uses-permission#android.permission.INTERNET
ADDED from AndroidManifest.xml:15:2
	android:name
		ADDED from AndroidManifest.xml:15:19
uses-permission#android.permission.ACCESS_WIFI_STATE
ADDED from AndroidManifest.xml:16:2
	android:name
		ADDED from AndroidManifest.xml:16:19
uses-permission#android.permission.ACCESS_NETWORK_STATE
ADDED from AndroidManifest.xml:17:2
	android:name
		ADDED from AndroidManifest.xml:17:19
uses-permission#android.permission.WRITE_EXTERNAL_STORAGE
ADDED from AndroidManifest.xml:19:2
	android:name
		ADDED from AndroidManifest.xml:19:19
uses-permission#android.permission.READ_PHONE_STATE
ADDED from AndroidManifest.xml:21:2
	android:name
		ADDED from AndroidManifest.xml:21:19
uses-permission#android.permission.MODIFY_AUDIO_SETTINGS
ADDED from AndroidManifest.xml:23:5
	android:name
		ADDED from AndroidManifest.xml:23:22
uses-permission#android.permission.ACCESS_COARSE_LOCATION
ADDED from AndroidManifest.xml:25:2
	android:name
		ADDED from AndroidManifest.xml:25:19
uses-permission#android.permission.ACCESS_FINE_LOCATION
ADDED from AndroidManifest.xml:26:2
	android:name
		ADDED from AndroidManifest.xml:26:19
uses-permission#android.permission.CAMERA
ADDED from AndroidManifest.xml:29:2
	android:name
		ADDED from AndroidManifest.xml:29:19
uses-permission#android.permission.FLASHLIGHT
ADDED from AndroidManifest.xml:30:2
	android:name
		ADDED from AndroidManifest.xml:30:19
uses-sdk
ADDED from AndroidManifest.xml:35:2
MERGED from com.android.support:appcompat-v7:21.0.3:15:5
MERGED from com.android.support:support-v4:21.0.3:15:5
MERGED from EmoProj:libWeiboSDK:unspecified:7:5
	android:targetSdkVersion
		INJECTED from AndroidManifest.xml:0:0
		INJECTED from AndroidManifest.xml:0:0
	android:minSdkVersion
		ADDED from AndroidManifest.xml:35:12
		INJECTED from AndroidManifest.xml:0:0
		INJECTED from AndroidManifest.xml:0:0
application
ADDED from AndroidManifest.xml:37:5
MERGED from com.android.support:appcompat-v7:21.0.3:16:5
MERGED from com.android.support:support-v4:21.0.3:16:5
	android:label
		ADDED from AndroidManifest.xml:40:9
	android:allowBackup
		ADDED from AndroidManifest.xml:38:9
	android:icon
		ADDED from AndroidManifest.xml:39:9
	android:theme
		ADDED from AndroidManifest.xml:41:9
	android:name
		ADDED from AndroidManifest.xml:37:18
activity#cn.airburg.emo.activity.SplashActivity
ADDED from AndroidManifest.xml:44:6
	android:screenOrientation
		ADDED from AndroidManifest.xml:45:13
	android:theme
		ADDED from AndroidManifest.xml:47:7
	android:name
		ADDED from AndroidManifest.xml:44:16
intent-filter#android.intent.action.MAIN+android.intent.category.LAUNCHER
ADDED from AndroidManifest.xml:48:7
action#android.intent.action.MAIN
ADDED from AndroidManifest.xml:49:8
	android:name
		ADDED from AndroidManifest.xml:49:16
category#android.intent.category.LAUNCHER
ADDED from AndroidManifest.xml:50:8
	android:name
		ADDED from AndroidManifest.xml:50:18
activity#cn.airburg.emo.activity.MainActivity
ADDED from AndroidManifest.xml:55:9
	android:screenOrientation
		ADDED from AndroidManifest.xml:57:13
	android:name
		ADDED from AndroidManifest.xml:55:19
	android:launchMode
		ADDED from AndroidManifest.xml:56:4
activity#cn.airburg.emo.wbapi.WBEntryActivity
ADDED from AndroidManifest.xml:67:6
	android:theme
		ADDED from AndroidManifest.xml:68:16
	android:name
		ADDED from AndroidManifest.xml:67:16
intent-filter#android.intent.category.DEFAULT+com.sina.weibo.sdk.action.ACTION_SDK_REQ_ACTIVITY
ADDED from AndroidManifest.xml:69:7
action#com.sina.weibo.sdk.action.ACTION_SDK_REQ_ACTIVITY
ADDED from AndroidManifest.xml:70:8
	android:name
		ADDED from AndroidManifest.xml:70:16
category#android.intent.category.DEFAULT
ADDED from AndroidManifest.xml:71:8
	android:name
		ADDED from AndroidManifest.xml:71:18
activity#cn.airburg.emo.wxapi.WXEntryActivity
ADDED from AndroidManifest.xml:76:6
	android:theme
		ADDED from AndroidManifest.xml:77:16
	android:exported
		ADDED from AndroidManifest.xml:78:16
	android:name
		ADDED from AndroidManifest.xml:76:16
activity#com.sina.weibo.sdk.component.WeiboSdkBrowser
ADDED from AndroidManifest.xml:82:6
	android:windowSoftInputMode
		ADDED from AndroidManifest.xml:85:14
	android:screenOrientation
		ADDED from AndroidManifest.xml:83:17
	android:configChanges
		ADDED from AndroidManifest.xml:84:14
	android:exported
		ADDED from AndroidManifest.xml:86:14
	android:name
		ADDED from AndroidManifest.xml:82:16
service#com.sina.weibo.sdk.net.DownloadService
ADDED from AndroidManifest.xml:89:6
	android:exported
		ADDED from AndroidManifest.xml:90:15
	android:name
		ADDED from AndroidManifest.xml:89:15
service#cn.airburg.emo.service.BluetoothLeService
ADDED from AndroidManifest.xml:92:9
	android:enabled
		ADDED from AndroidManifest.xml:92:61
	android:name
		ADDED from AndroidManifest.xml:92:18
activity#com.umeng.update.UpdateDialogActivity
ADDED from AndroidManifest.xml:96:6
	android:theme
		ADDED from AndroidManifest.xml:98:7
	android:name
		ADDED from AndroidManifest.xml:97:7
activity#cn.airburg.emo.activity.PhotoActivity
ADDED from AndroidManifest.xml:101:3
	android:screenOrientation
		ADDED from AndroidManifest.xml:103:4
	android:name
		ADDED from AndroidManifest.xml:102:4
service#com.umeng.update.net.DownloadingService
ADDED from AndroidManifest.xml:106:6
	android:process
		ADDED from AndroidManifest.xml:108:7
	android:name
		ADDED from AndroidManifest.xml:107:7
activity#com.tencent.tauth.AuthActivity
ADDED from AndroidManifest.xml:111:3
	android:noHistory
		ADDED from AndroidManifest.xml:113:4
	android:name
		ADDED from AndroidManifest.xml:112:4
	android:launchMode
		ADDED from AndroidManifest.xml:114:4
intent-filter#android.intent.action.VIEW+android.intent.category.BROWSABLE+android.intent.category.DEFAULT
ADDED from AndroidManifest.xml:115:4
action#android.intent.action.VIEW
ADDED from AndroidManifest.xml:116:5
	android:name
		ADDED from AndroidManifest.xml:116:13
category#android.intent.category.BROWSABLE
ADDED from AndroidManifest.xml:118:5
	android:name
		ADDED from AndroidManifest.xml:118:15
data
ADDED from AndroidManifest.xml:119:5
	android:scheme
		ADDED from AndroidManifest.xml:119:11
activity#com.tencent.connect.common.AssistActivity
ADDED from AndroidManifest.xml:122:3
	android:configChanges
		ADDED from AndroidManifest.xml:124:4
	android:theme
		ADDED from AndroidManifest.xml:123:4
	android:name
		ADDED from AndroidManifest.xml:122:13
service#com.baidu.location.f
ADDED from AndroidManifest.xml:127:3
	android:process
		ADDED from AndroidManifest.xml:130:4
	android:enabled
		ADDED from AndroidManifest.xml:129:4
	android:name
		ADDED from AndroidManifest.xml:128:4
intent-filter#com.baidu.location.service_v2.2
ADDED from AndroidManifest.xml:131:4
action#com.baidu.location.service_v2.2
ADDED from AndroidManifest.xml:132:5
	android:name
		ADDED from AndroidManifest.xml:132:13
meta-data#com.baidu.lbsapi.API_KEY
ADDED from AndroidManifest.xml:138:3
	android:name
		ADDED from AndroidManifest.xml:139:4
	android:value
		ADDED from AndroidManifest.xml:140:4
meta-data#UMENG_APPKEY
ADDED from AndroidManifest.xml:142:6
	android:name
		ADDED from AndroidManifest.xml:142:17
	android:value
		ADDED from AndroidManifest.xml:142:45
meta-data#UMENG_CHANNEL
ADDED from AndroidManifest.xml:143:6
	android:name
		ADDED from AndroidManifest.xml:143:17
	android:value
		ADDED from AndroidManifest.xml:143:46